Build started 7/3/2013 8:46:21 AM.
     1>Project "C:\Users\Andrew Powell\Documents\SolarBeam Repository\trunk\Other Software\C++ Source Code and Projects\SolarBeam_NSC_A2L\SolarBeam_NSC_A2L.vcxproj" on node 2 (build target(s)).
     1>InitializeBuildStatus:
         Touching "x64\Debug\SolarBeam_NSC_A2L.unsuccessfulbuild".
       ClCompile:
         All outputs are up-to-date.
       ManifestResourceCompile:
         All outputs are up-to-date.
       Link:
         C:\Program Files (x86)\Microsoft Visual Studio 10.0\VC\bin\x86_amd64\link.exe /ERRORREPORT:PROMPT /OUT:"C:\Users\Andrew Powell\Documents\SolarBeam Repository\trunk\Other Software\C++ Source Code and Projects\SolarBeam_NSC_A2L\x64\Debug\SolarBeam_NSC_A2L.dll" /INCREMENTAL /NOLOGO kernel32.lib user32.lib gdi32.lib winspool.lib comdlg32.lib advapi32.lib shell32.lib ole32.lib oleaut32.lib uuid.lib odbc32.lib odbccp32.lib /MANIFEST /ManifestFile:"x64\Debug\SolarBeam_NSC_A2L.dll.intermediate.manifest" /MANIFESTUAC:"level='asInvoker' uiAccess='false'" /DEBUG /PDB:"C:\Users\Andrew Powell\Documents\SolarBeam Repository\trunk\Other Software\C++ Source Code and Projects\SolarBeam_NSC_A2L\x64\Debug\SolarBeam_NSC_A2L.pdb" /SUBSYSTEM:WINDOWS /TLBID:1 /DYNAMICBASE /NXCOMPAT /IMPLIB:"C:\Users\Andrew Powell\Documents\SolarBeam Repository\trunk\Other Software\C++ Source Code and Projects\SolarBeam_NSC_A2L\x64\Debug\SolarBeam_NSC_A2L.lib" /MACHINE:X64 /DLL x64\Debug\SolarBeam_NSC_A2L.dll.embed.manifest.res
         x64\Debug\NSC_A2L.obj
         x64\Debug\solarbeam_2_easydevices_jni_Gimbal.obj
         PerformaxCom64bit\PerformaxCom.lib
            Creating library C:\Users\Andrew Powell\Documents\SolarBeam Repository\trunk\Other Software\C++ Source Code and Projects\SolarBeam_NSC_A2L\x64\Debug\SolarBeam_NSC_A2L.lib and object C:\Users\Andrew Powell\Documents\SolarBeam Repository\trunk\Other Software\C++ Source Code and Projects\SolarBeam_NSC_A2L\x64\Debug\SolarBeam_NSC_A2L.exp
         SolarBeam_NSC_A2L.vcxproj -> C:\Users\Andrew Powell\Documents\SolarBeam Repository\trunk\Other Software\C++ Source Code and Projects\SolarBeam_NSC_A2L\x64\Debug\SolarBeam_NSC_A2L.dll
       Manifest:
         C:\Program Files (x86)\Microsoft SDKs\Windows\v7.0A\bin\mt.exe /nologo /verbose /out:"x64\Debug\SolarBeam_NSC_A2L.dll.embed.manifest" /manifest x64\Debug\SolarBeam_NSC_A2L.dll.intermediate.manifest
         All outputs are up-to-date.
       LinkEmbedManifest:
         All outputs are up-to-date.
         SolarBeam_NSC_A2L.vcxproj -> C:\Users\Andrew Powell\Documents\SolarBeam Repository\trunk\Other Software\C++ Source Code and Projects\SolarBeam_NSC_A2L\x64\Debug\SolarBeam_NSC_A2L.dll
       FinalizeBuildStatus:
         Deleting file "x64\Debug\SolarBeam_NSC_A2L.unsuccessfulbuild".
         Touching "x64\Debug\SolarBeam_NSC_A2L.lastbuildstate".
     1>Done Building Project "C:\Users\Andrew Powell\Documents\SolarBeam Repository\trunk\Other Software\C++ Source Code and Projects\SolarBeam_NSC_A2L\SolarBeam_NSC_A2L.vcxproj" (build target(s)).

Build succeeded.

Time Elapsed 00:00:00.44
