Build started 8/7/2013 12:58:58 AM.
     1>Project "C:\Users\Andrew Powell\Documents\SolarBeam Repository\trunk\Other Software\C++ Source Code and Projects\SolarBeam_CRIO_Module\SolarBeam_CRIO_Module.vcxproj" on node 3 (build target(s)).
     1>InitializeBuildStatus:
         Creating "Release\SolarBeam_CRIO_Module.unsuccessfulbuild" because "AlwaysCreate" was specified.
       ClCompile:
         C:\Program Files (x86)\Microsoft Visual Studio 10.0\VC\bin\CL.exe /c /I"C:\Program Files\Java\jdk1.7.0_25\include\win32" /I"C:\Program Files\Java\jdk1.7.0_25\include" /Zi /nologo /W3 /WX- /O2 /Oi /Oy- /GL /D WIN32 /D NDEBUG /D _WINDOWS /D _USRDLL /D SOLARBEAM_CRIO_MODULE_EXPORTS /D _WINDLL /D _UNICODE /D UNICODE /Gm- /EHsc /MD /GS /Gy /fp:precise /Zc:wchar_t /Zc:forScope /Fo"Release\\" /Fd"Release\vc100.pdb" /Gd /TP /analyze- /errorReport:prompt BH1750.cpp I2C.cpp
         BH1750.cpp
         I2C.cpp
       Link:
         C:\Program Files (x86)\Microsoft Visual Studio 10.0\VC\bin\link.exe /ERRORREPORT:PROMPT /OUT:"C:\Users\Andrew Powell\Documents\SolarBeam Repository\trunk\Other Software\C++ Source Code and Projects\SolarBeam_CRIO_Module\Release\SolarBeam_CRIO_Module.dll" /INCREMENTAL:NO /NOLOGO kernel32.lib user32.lib gdi32.lib winspool.lib comdlg32.lib advapi32.lib shell32.lib ole32.lib oleaut32.lib uuid.lib odbc32.lib odbccp32.lib /MANIFEST /ManifestFile:"Release\SolarBeam_CRIO_Module.dll.intermediate.manifest" /MANIFESTUAC:"level='asInvoker' uiAccess='false'" /DEBUG /PDB:"C:\Users\Andrew Powell\Documents\SolarBeam Repository\trunk\Other Software\C++ Source Code and Projects\SolarBeam_CRIO_Module\Release\SolarBeam_CRIO_Module.pdb" /SUBSYSTEM:WINDOWS /OPT:REF /OPT:ICF /LTCG /TLBID:1 /DYNAMICBASE /NXCOMPAT /IMPLIB:"C:\Users\Andrew Powell\Documents\SolarBeam Repository\trunk\Other Software\C++ Source Code and Projects\SolarBeam_CRIO_Module\Release\SolarBeam_CRIO_Module.lib" /MACHINE:X86 /DLL Release\BH1750.obj
         Release\I2C.obj
         Release\PWM.obj
         Release\solarbeam_2_easydevices_jni_CRIOModule.obj
         Release\FPGAInterface.obj
         Release\solarbeam_2_easydevices_jni_LightSensor.obj
         SolarBeam_LabVIEW_CRIO_Module.lib
            Creating library C:\Users\Andrew Powell\Documents\SolarBeam Repository\trunk\Other Software\C++ Source Code and Projects\SolarBeam_CRIO_Module\Release\SolarBeam_CRIO_Module.lib and object C:\Users\Andrew Powell\Documents\SolarBeam Repository\trunk\Other Software\C++ Source Code and Projects\SolarBeam_CRIO_Module\Release\SolarBeam_CRIO_Module.exp
         Generating code
         Finished generating code
         SolarBeam_CRIO_Module.vcxproj -> C:\Users\Andrew Powell\Documents\SolarBeam Repository\trunk\Other Software\C++ Source Code and Projects\SolarBeam_CRIO_Module\Release\SolarBeam_CRIO_Module.dll
       Manifest:
         C:\Program Files (x86)\Microsoft SDKs\Windows\v7.0A\bin\mt.exe /nologo /verbose /outputresource:"C:\Users\Andrew Powell\Documents\SolarBeam Repository\trunk\Other Software\C++ Source Code and Projects\SolarBeam_CRIO_Module\Release\SolarBeam_CRIO_Module.dll;#2" /manifest Release\SolarBeam_CRIO_Module.dll.intermediate.manifest
       FinalizeBuildStatus:
         Deleting file "Release\SolarBeam_CRIO_Module.unsuccessfulbuild".
         Touching "Release\SolarBeam_CRIO_Module.lastbuildstate".
     1>Done Building Project "C:\Users\Andrew Powell\Documents\SolarBeam Repository\trunk\Other Software\C++ Source Code and Projects\SolarBeam_CRIO_Module\SolarBeam_CRIO_Module.vcxproj" (build target(s)).

Build succeeded.

Time Elapsed 00:00:06.23
