Build started 6/25/2013 1:11:47 PM.
     1>Project "C:\Users\Andrew Powell\Google Drive\NASA Solar Beam Project\Software\C++ Source Code and Projects\SolarBeam_CRIO_Module\SolarBeam_CRIO_Module.vcxproj" on node 2 (build target(s)).
     1>InitializeBuildStatus:
         Touching "Debug\SolarBeam_CRIO_Module.unsuccessfulbuild".
       ClCompile:
         C:\Program Files (x86)\Microsoft Visual Studio 10.0\VC\bin\CL.exe /c /I"C:\Program Files\Java\jdk1.7.0_25\include\win32" /I"C:\Program Files\Java\jdk1.7.0_25\include" /ZI /nologo /W3 /WX- /Od /Oy- /D WIN32 /D _DEBUG /D _WINDOWS /D _USRDLL /D SOLARBEAM_CRIO_MODULE_EXPORTS /D _WINDLL /D _UNICODE /D UNICODE /Gm /EHsc /RTC1 /MDd /GS /fp:precise /Zc:wchar_t /Zc:forScope /Fo"Debug\\" /Fd"Debug\vc100.pdb" /Gd /TP /analyze- /errorReport:prompt criomodule.cpp
         criomodule.cpp
       ManifestResourceCompile:
         C:\Program Files (x86)\Microsoft SDKs\Windows\v7.0A\bin\rc.exe /nologo /fo"Debug\SolarBeam_CRIO_Module.dll.embed.manifest.res" Debug\SolarBeam_CRIO_Module_manifest.rc 
       Link:
         C:\Program Files (x86)\Microsoft Visual Studio 10.0\VC\bin\link.exe /ERRORREPORT:PROMPT /OUT:"C:\Users\Andrew Powell\Google Drive\NASA Solar Beam Project\Software\C++ Source Code and Projects\SolarBeam_CRIO_Module\Debug\SolarBeam_CRIO_Module.dll" /INCREMENTAL /NOLOGO kernel32.lib user32.lib gdi32.lib winspool.lib comdlg32.lib advapi32.lib shell32.lib ole32.lib oleaut32.lib uuid.lib odbc32.lib odbccp32.lib /MANIFEST /ManifestFile:"Debug\SolarBeam_CRIO_Module.dll.intermediate.manifest" /MANIFESTUAC:"level='asInvoker' uiAccess='false'" /DEBUG /PDB:"C:\Users\Andrew Powell\Google Drive\NASA Solar Beam Project\Software\C++ Source Code and Projects\SolarBeam_CRIO_Module\Debug\SolarBeam_CRIO_Module.pdb" /SUBSYSTEM:WINDOWS /TLBID:1 /DYNAMICBASE /NXCOMPAT /IMPLIB:"C:\Users\Andrew Powell\Google Drive\NASA Solar Beam Project\Software\C++ Source Code and Projects\SolarBeam_CRIO_Module\Debug\SolarBeam_CRIO_Module.lib" /MACHINE:X86 /DLL Debug\SolarBeam_CRIO_Module.dll.embed.manifest.res
         Debug\criomodule.obj
         criomodule.lib
       Manifest:
         C:\Program Files (x86)\Microsoft SDKs\Windows\v7.0A\bin\mt.exe /nologo /verbose /out:"Debug\SolarBeam_CRIO_Module.dll.embed.manifest" /manifest Debug\SolarBeam_CRIO_Module.dll.intermediate.manifest
         C:\Program Files (x86)\Microsoft SDKs\Windows\v7.0A\bin\rc.exe /nologo /fo"Debug\SolarBeam_CRIO_Module.dll.embed.manifest.res" Debug\SolarBeam_CRIO_Module_manifest.rc 
       LinkEmbedManifest:
         C:\Program Files (x86)\Microsoft Visual Studio 10.0\VC\bin\link.exe /ERRORREPORT:PROMPT /OUT:"C:\Users\Andrew Powell\Google Drive\NASA Solar Beam Project\Software\C++ Source Code and Projects\SolarBeam_CRIO_Module\Debug\SolarBeam_CRIO_Module.dll" /INCREMENTAL /NOLOGO kernel32.lib user32.lib gdi32.lib winspool.lib comdlg32.lib advapi32.lib shell32.lib ole32.lib oleaut32.lib uuid.lib odbc32.lib odbccp32.lib /MANIFEST /ManifestFile:"Debug\SolarBeam_CRIO_Module.dll.intermediate.manifest" /MANIFESTUAC:"level='asInvoker' uiAccess='false'" /DEBUG /PDB:"C:\Users\Andrew Powell\Google Drive\NASA Solar Beam Project\Software\C++ Source Code and Projects\SolarBeam_CRIO_Module\Debug\SolarBeam_CRIO_Module.pdb" /SUBSYSTEM:WINDOWS /TLBID:1 /DYNAMICBASE /NXCOMPAT /IMPLIB:"C:\Users\Andrew Powell\Google Drive\NASA Solar Beam Project\Software\C++ Source Code and Projects\SolarBeam_CRIO_Module\Debug\SolarBeam_CRIO_Module.lib" /MACHINE:X86 /DLL Debug\SolarBeam_CRIO_Module.dll.embed.manifest.res
         Debug\criomodule.obj
         criomodule.lib
         SolarBeam_CRIO_Module.vcxproj -> C:\Users\Andrew Powell\Google Drive\NASA Solar Beam Project\Software\C++ Source Code and Projects\SolarBeam_CRIO_Module\Debug\SolarBeam_CRIO_Module.dll
       FinalizeBuildStatus:
         Deleting file "Debug\SolarBeam_CRIO_Module.unsuccessfulbuild".
         Touching "Debug\SolarBeam_CRIO_Module.lastbuildstate".
     1>Done Building Project "C:\Users\Andrew Powell\Google Drive\NASA Solar Beam Project\Software\C++ Source Code and Projects\SolarBeam_CRIO_Module\SolarBeam_CRIO_Module.vcxproj" (build target(s)).

Build succeeded.

Time Elapsed 00:00:01.54
